<?xml version="1.0" encoding="UTF-8"?>
<!-- Generated by org.testng.reporters.JUnitXMLReporter -->
<testsuite ignored="0" hostname="LAPTOP-M0UH26NJ" failures="1" tests="3" name="Login error validation test" time="12.361" errors="0" timestamp="2025-01-27T13:07:03 IST">
  <testcase classname="Seleniumframework.tests.ErrorvalidationTest" name="LoginErrorvalidation" time="0.774">
    <skipped/>
  </testcase> <!-- LoginErrorvalidation -->
  <testcase classname="Seleniumframework.tests.ErrorvalidationTest" name="LoginErrorvalidation" time="0.756">
    <failure type="java.lang.AssertionError" message="expected [Incorrect email or password.] but found [Incorrect email  password.]">
      <![CDATA[java.lang.AssertionError: expected [Incorrect email or password.] but found [Incorrect email  password.]
at Seleniumframework.tests.ErrorvalidationTest.LoginErrorvalidation(ErrorvalidationTest.java:32)
at java.base/java.util.ArrayList.forEach(ArrayList.java:1597)
at java.base/java.util.concurrent.FutureTask.run(FutureTask.java:317)
at java.base/java.util.concurrent.ThreadPoolExecutor.runWorker(ThreadPoolExecutor.java:1144)
at java.base/java.util.concurrent.ThreadPoolExecutor$Worker.run(ThreadPoolExecutor.java:642)
at java.base/java.lang.Thread.run(Thread.java:1575)
... Removed 21 stack frames]]>
    </failure>
  </testcase> <!-- LoginErrorvalidation -->
  <testcase classname="Seleniumframework.tests.ErrorvalidationTest" name="ProductValidation" time="5.531"/>
</testsuite> <!-- Login error validation test -->
